242.410  226.388  000.226: sourcing /home/tapiok/.config/nvim/init.lua
228.440  039.821  001.393: require('telescope-config')
125.698  039.815  000.857: require('lsp-install-config')
085.734  036.373  009.779: require('ntree')
355.478  033.748: VimEnter autocommands
280.047  025.982  005.871: sourcing /home/tapiok/.config/nvim/plugin/packer_compiled.lua
186.640  022.232  002.109: require('completion')
071.623  022.212  001.141: require('nvim-tree')
158.842  021.993  009.551: require('luasnip-config')
217.683  020.536  000.190: require('telescope._extensions.harpoon')
217.677  020.347  000.330: require('telescope._extensions.marks')
181.561  016.319  001.056: require('cmp')
034.877  014.872  002.368: require('settings')
180.629  014.735  001.003: require('cmp.core')
064.616  014.113  000.428: require('nvim-tree.lib')
104.647  012.707  000.880: require('lspconfig.util')
149.339  012.443  000.278: require('luasnip.loaders.from_vscode')
121.882  012.055  000.453: require('mason-core.package')
062.816  011.926  000.468: require('nvim-tree.renderer')
104.594  011.826  002.150: require('vim.lsp')
148.936  011.788  000.604: require('luasnip')
266.467  011.246  004.060: require('gitsigns')
136.843  011.141  006.874: require('lsp-config')
228.433  010.743  000.393: require('telescope._extensions.notify')
228.418  010.351  000.469: require('telescope.previewers')
217.189  010.024  001.627: require('telescope.pickers')
228.409  008.801  001.459: require('telescope.previewers.buffer_previewer')
059.512  008.219  000.307: require('nvim-tree.core')
236.483  008.038  001.093: require('statusline')
207.160  007.764  000.476: require('telescope.finders')
049.349  007.621  000.175: require('treesitter')
049.238  007.446  001.007: require('nvim-treesitter.configs')
303.513  007.325: loading packages
121.862  006.672  000.376: require('mason-core.package.version-check')
028.088  006.574  000.710: require('notify')
049.203  006.440  000.595: require('nvim-treesitter.query')
195.825  006.338  003.112: require('telescope.config')
059.506  006.289  000.454: require('nvim-tree.explorer')
289.656  005.943  001.235: sourcing /home/tapiok/.local/share/nvim/site/pack/packer/start/barbar.nvim/plugin/bufferline.lua
100.609  005.825  000.889: require('vim.lsp.handlers')
041.721  005.799  000.873: require('plugins')
034.707  005.582  005.582: sourcing /home/tapiok/.local/share/nvim/site/pack/packer/start/vim-colors-xcode/colors/xcodedarkhc.vim
164.402  005.552  000.294: require('harpoon-config')
071.598  005.512  000.491: require('nvim-tree.actions.dispatch')
164.170  005.257  000.720: require('harpoon')
264.831  005.173  000.699: require('gitsigns.git')
242.424  005.107: sourcing vimrc file(s)
142.649  004.963  000.973: require('luasnip.nodes.snippet')
281.026  004.926: loading rtp plugins
288.456  004.708  000.349: require('bufferline')
180.542  004.489  000.548: require('cmp.view')
288.449  004.360  000.628: require('bufferline.api')
205.469  004.212  000.364: require('telescope.finders.async_static_finder')
048.850  004.122  000.424: require('nvim-treesitter.tsrange')
224.967  003.969  000.563: require('telescope.previewers.utils')
019.998  003.910  003.910: require('disabled-plugins')
114.148  003.900  000.483: require('mason-core.installer')
205.463  003.848  000.419: require('plenary.async')
176.050  003.763  000.642: require('cmp.source')
048.838  003.698  000.683: require('nvim-treesitter.ts_utils')
089.670  003.675  000.297: require('mason')
232.277  003.594  000.299: require('el')
313.948  003.550: reading ShaDa
278.973  003.541  001.241: require('nvim-autopairs')
186.251  003.405  000.245: require('colorbuddy')
213.986  003.400  001.651: require('telescope.actions')
274.036  003.334  000.855: require('lspsaga.lightbulb')
264.810  003.309  000.471: require('gitsigns.hunks')
186.237  003.160  000.642: require('colorbuddy.group')
100.592  003.071  001.887: require('vim.lsp.util')
300.228  003.069  001.289: sourcing /home/tapiok/.local/share/nvim/site/pack/packer/start/nvim-treesitter/plugin/nvim-treesitter.lua
242.405  003.052  000.159: require('which-key-config')
118.532  003.047  000.497: require('mason-core.managers.cargo')
224.960  003.034  000.333: require('nvim-treesitter')
147.387  002.992  000.182: require('luasnip.util.parser')
108.350  002.977  000.361: require('mason-registry')
242.350  002.892  000.456: require('which-key')
264.800  002.838  001.786: require('gitsigns.signs')
089.664  002.704  000.672: require('mason-core.platform')
059.114  002.609  000.371: require('nvim-tree.explorer.explore')
040.520  002.572  000.662: require('packer.plugin_utils')
227.496  002.524  002.524: require('plenary.filetype')
048.307  002.506  001.223: require('nvim-treesitter.parsers')
242.343  002.437  000.978: require('which-key.keys')
113.480  002.415  000.656: require('mason-core.installer.context')
010.270  002.406: done waiting for UI
193.369  002.397  000.769: require('telescope.sorters')
161.660  002.327  001.295: require('plenary.path')
357.741  002.253: first screen update
245.295  002.222  002.050: sourcing /usr/share/nvim/runtime/filetype.lua
055.781  002.180  000.540: require('nvim-tree.git')
024.248  002.059  000.442: require('notify.config')
234.332  002.050  000.219: require('el.diagnostic')
188.613  001.967  000.491: require('comment-nvim')
170.054  001.945  000.327: require('cmp.utils.feedkeys')
224.154  001.913  000.955: require('nvim-treesitter.install')
146.451  001.898  001.585: require('luasnip.util.parser.ast_utils')
210.581  001.853  000.646: require('plenary.popup')
172.282  001.849  000.350: require('cmp.context')
234.325  001.831  001.831: require('vim.diagnostic')
203.824  001.800  000.444: require('plenary.async.async')
037.914  001.797  001.332: require('packer')
310.369  001.787: loading after plugins
174.694  001.781  000.501: require('cmp.config')
299.646  001.780  001.067: require('nvim-treesitter.highlight')
309.635  001.632  000.039: sourcing /home/tapiok/.local/share/nvim/site/pack/packer/start/cmp-tabnine/after/plugin/cmp-tabnine.lua
205.458  001.629  000.326: require('plenary.async.tests')
053.213  001.624  000.437: require('nvim-tree.events')
170.044  001.618  000.580: require('cmp.utils.keymap')
309.629  001.592  000.774: require('cmp_tabnine')
118.483  001.571  000.454: require('mason-core.managers.github')
278.944  001.561  000.353: require('nvim-autopairs.rules.basic')
080.718  001.551  001.551: require('nvim-web-devicons')
005.982  001.550: init lua interpreter
230.776  001.549  000.326: require('el.extensions')
078.689  001.542  000.527: require('nvim-tree.keymap')
148.929  001.537  000.819: require('luasnip.config')
007.853  001.534: init highlight
238.947  001.517  000.087: require('dap-config')
185.868  001.433  000.921: require('colorbuddy.color')
238.930  001.430  001.019: require('dap')
142.023  001.424  000.461: require('luasnip.util.environ')
139.943  001.407  000.345: require('luasnip.nodes.node')
201.251  001.402  001.402: require('telescope.make_entry')
272.818  001.402  000.828: require('lspsaga.libs')
044.723  001.396  001.022: require('vim.treesitter.query')
188.209  001.385  000.388: require('Comment.api')
027.484  001.344  000.407: require('notify.service')
176.039  001.340  000.875: require('cmp.entry')
288.425  001.319  001.104: require('bufferline.render')
266.145  001.309  000.674: require('gitsigns.manager')
205.453  001.302  000.408: require('plenary.async.util')
206.769  001.296  000.392: require('telescope.finders.async_oneshot_finder')
295.560  001.287  000.985: sourcing /home/tapiok/.local/share/nvim/site/pack/packer/start/nvim-cmp/plugin/cmp.lua
048.082  001.283  000.592: require('vim.treesitter')
097.516  001.266  001.266: require('vim.lsp.protocol')
003.380  001.256: inits 1
162.919  001.253  000.308: require('harpoon.utils')
026.137  001.237  000.618: require('notify.windows')
023.841  001.222  000.435: require('notify.util')
171.990  001.222  000.254: require('cmp.types')
278.939  001.209  000.480: require('nvim-autopairs.rule')
250.720  001.196  000.857: sourcing /usr/share/nvim/runtime/plugin/matchit.vim
053.184  001.186  000.838: require('nvim-tree.utils')
193.355  001.181  000.808: require('telescope.utils')
305.483  001.143  000.124: sourcing /home/tapiok/.local/share/nvim/site/pack/packer/start/cmp-buffer/after/plugin/cmp_buffer.lua
059.108  001.140  000.412: require('nvim-tree.live-filter')
103.351  001.134  001.134: require('vim.lsp.buf')
089.123  001.126  000.549: require('mason-core.functional.function')
106.809  001.112  000.415: require('mason-core.fs')
286.534  001.112  000.294: require('bufferline.bbye')
178.877  001.104  000.785: require('cmp.view.custom_entries_view')
246.671  001.094  000.922: sourcing /usr/share/nvim/runtime/syntax/syntax.vim
273.900  001.077  000.764: require('lspsaga.codeaction')
253.892  001.075  001.075: sourcing /usr/share/vim/vimfiles/plugin/fzf.vim
112.738  001.067  000.503: require('mason-core.spawn')
125.692  001.047  000.522: require('mason-lspconfig.api.command')
039.640  001.045  000.442: require('packer.async')
203.452  001.038  000.314: require('plenary.vararg')
352.949  001.038  000.504: require('nvim-treesitter.incremental_selection')
035.918  001.035  000.460: require('dashboard-config')
115.183  001.030  001.030: require('mason-core.installer.handle')
305.391  001.019  000.115: require('cmp_buffer')
078.655  001.015  000.607: require('nvim-tree.api')
230.749  001.010  000.323: require('el.sections')
236.082  001.000  000.678: require('fidget')
005.973  000.997  000.150: require('vim._init_packages')
213.434  000.987  000.507: require('telescope.actions.set')
116.907  000.979  000.237: require('mason-core.managers.cargo.client')
101.587  000.974  000.974: require('vim.lsp.rpc')
199.392  000.968  000.481: require('telescope.pickers.entry_display')
141.745  000.964  000.964: require('luasnip.util._builtin_vars')
163.880  000.957  000.324: require('harpoon.dev')
177.768  000.953  000.402: require('cmp.view.docs_view')
162.911  000.945  000.945: require('plenary.job')
315.899  000.945: opening buffers
027.474  000.937  000.468: require('notify.service.buffer')
237.424  000.936  000.136: require('virt-column-config')
216.797  000.929  000.458: require('telescope.entry_manager')
241.777  000.914  000.417: require('which-key.tree')
293.842  000.912  000.912: sourcing /home/tapiok/.local/share/nvim/site/pack/packer/start/lspsaga.nvim/plugin/lspsaga.lua
206.763  000.904  000.558: require('telescope._')
305.386  000.904  000.277: require('cmp_buffer.source')
108.330  000.901  000.901: require('mason-registry.index')
002.124  000.894: init first window
205.444  000.894  000.460: require('plenary.async.control')
232.268  000.889  000.889: require('el.plugins.lsp_status')
264.617  000.881  000.705: require('gitsigns.config')
040.510  000.865  000.507: require('packer.jobs')
174.668  000.853  000.343: require('cmp.config.default')
228.351  000.849  000.849: require('plenary.scandir')
286.523  000.818  000.244: require('bufferline.state')
309.617  000.818  000.683: require('cmp_tabnine.source')
189.482  000.810  000.436: require('telescope')
237.339  000.799  000.457: require('virt-column')
167.813  000.788  000.415: require('cmp.utils.str')
023.834  000.787  000.787: require('notify.util.queue')
091.270  000.782  000.360: require('mason-lspconfig')
090.447  000.758  000.411: require('mason.api.command')
320.488  000.757  000.757: require('which-key.plugins.presets.misc')
116.903  000.741  000.366: require('mason-core.fetch')
278.918  000.728  000.728: require('nvim-autopairs.conds')
059.099  000.727  000.727: require('nvim-tree.view')
100.105  000.726  000.726: require('vim.lsp._snippet')
203.448  000.724  000.390: require('plenary.vararg.rotate')
299.348  000.714  000.714: require('vim.treesitter.highlighter')
275.410  000.713  000.713: require('lspsaga.symbolwinbar')
119.232  000.694  000.694: require('mason-core.managers.composer')
048.039  000.691  000.691: require('vim.treesitter.languagetree')
219.602  000.681  000.681: require('telescope.previewers.term_previewer')
086.955  000.675  000.357: require('mason.settings')
105.367  000.675  000.385: require('mason-lspconfig.mappings.server')
118.465  000.652  000.391: require('mason-core.managers.github.client')
180.083  000.643  000.643: require('cmp.view.native_entries_view')
163.793  000.633  000.633: require('plenary.log')
305.377  000.628  000.501: require('cmp_buffer.buffer')
026.126  000.619  000.287: require('notify.animate')
318.572  000.618  000.618: require('which-key.plugins.marks')
102.211  000.617  000.617: require('vim.lsp.sync')
075.660  000.608  000.608: require('nvim-tree.actions.node.open-file')
062.443  000.604  000.604: require('nvim-tree.renderer.builder')
039.625  000.603  000.603: require('packer.log')
096.243  000.600  000.600: require('vim.lsp.log')
161.163  000.599  000.599: require('plenary.bit')
104.490  000.597  000.597: require('vim.lsp.codelens')
301.467  000.596  000.207: sourcing /home/tapiok/.local/share/nvim/site/pack/packer/start/playground/plugin/nvim-treesitter-playground.lua
075.044  000.594  000.594: require('nvim-tree.actions')
231.374  000.593  000.319: require('el.subscribe')
285.257  000.592  000.592: require('vim.fs')
028.079  000.589  000.589: require('notify.stages.util')
065.579  000.587  000.587: require('nvim-tree.legacy')
109.179  000.578  000.578: require('lspconfig.configs')
089.109  000.577  000.577: require('mason-core.functional.data')
302.657  000.576  000.576: sourcing /home/tapiok/.local/share/nvim/site/pack/packer/start/telescope.nvim/plugin/telescope.lua
035.910  000.575  000.575: require('dashboard')
272.796  000.574  000.574: require('lspsaga.window')
286.506  000.574  000.200: require('bufferline.buffer')
112.632  000.564  000.564: require('mason-core.process')
187.855  000.564  000.321: require('Comment.utils')
215.017  000.560  000.560: require('telescope.mappings')
355.408  000.559  000.267: require('dashboard.events')
131.120  000.558  000.558: require('lspconfig.server_configurations.eslint')
041.097  000.557  000.557: require('packer.snapshot')
179.433  000.552  000.552: require('cmp.view.wildmenu_entries_view')
177.761  000.550  000.550: require('cmp.utils.window')
242.327  000.546  000.546: require('which-key.config')
307.860  000.544  000.069: sourcing /home/tapiok/.local/share/nvim/site/pack/packer/start/cmp-path/after/plugin/cmp_path.lua
209.896  000.541  000.541: require('plenary.window.border')
319.723  000.536  000.536: require('which-key.plugins.presets')
352.933  000.534  000.534: require('nvim-treesitter.locals')
103.887  000.530  000.530: require('vim.lsp.diagnostic')
316.429  000.530: BufEnter autocommands
270.692  000.517  000.517: require('lspsaga')
185.742  000.512  000.512: require('colorbuddy.modifiers')
174.661  000.510  000.510: require('cmp.config.compare')
224.120  000.509  000.509: require('nvim-treesitter.shell_command_selectors')
261.497  000.509  000.267: require('gitsigns.subprocess')
048.821  000.508  000.508: require('nvim-treesitter.utils')
005.962  000.503  000.310: require('vim._editor')
277.377  000.503  000.503: require('nvim-autopairs.utils')
306.127  000.502  000.075: sourcing /home/tapiok/.local/share/nvim/site/pack/packer/start/cmp-nvim-lsp/after/plugin/cmp_nvim_lsp.lua
139.432  000.500  000.500: require('luasnip.util.util')
241.770  000.497  000.497: require('which-key.util')
066.080  000.495  000.495: require('nvim-tree.actions.fs.copy-paste')
190.626  000.494  000.494: require('plenary.strings')
199.385  000.487  000.487: require('telescope.config.resolve')
310.260  000.485  000.164: sourcing /home/tapiok/.local/share/nvim/site/pack/packer/start/cmp_luasnip/after/plugin/cmp_luasnip.lua
213.412  000.480  000.480: require('telescope.actions.mt')
143.131  000.475  000.199: require('luasnip.loaders')
217.670  000.475  000.475: require('harpoon.mark')
306.748  000.475  000.088: sourcing /home/tapiok/.local/share/nvim/site/pack/packer/start/cmp-nvim-lsp-signature-help/after/plugin/cmp_nvim_lsp_signature_help.lua
307.823  000.475  000.475: require('cmp_path')
136.417  000.474  000.474: require('nvim-lightbulb')
215.497  000.473  000.473: require('telescope.pickers.highlights')
216.788  000.470  000.470: require('telescope.algos.linked_list')
027.465  000.469  000.469: require('notify.service.buffer.highlights')
119.706  000.468  000.468: require('mason-core.managers.gem')
230.743  000.467  000.234: require('el.processor')
037.874  000.466  000.466: require('packer.util')
117.807  000.465  000.465: require('mason-core.managers.std')
121.823  000.465  000.465: require('mason-core.managers.pip3')
176.028  000.465  000.465: require('cmp.matcher')
290.942  000.465  000.168: sourcing /home/tapiok/.local/share/nvim/site/pack/packer/start/dashboard-nvim/plugin/dashboard.lua
353.482  000.464  000.464: require('nvim-treesitter.indent')
317.188  000.461  000.461: require('which-key.plugins')
214.450  000.459  000.459: require('telescope.debounce')
100.568  000.457  000.457: require('vim.highlight')
106.546  000.457  000.457: require('mason-core.async')
064.610  000.455  000.455: require('nvim-tree.actions.finders.find-file')
000.508  000.453: event init
055.379  000.452  000.452: require('nvim-tree.git.runner')
169.427  000.451  000.451: require('cmp.utils.misc')
120.931  000.450  000.450: require('mason-core.managers.luarocks')
223.604  000.449  000.449: require('nvim-treesitter.info')
192.167  000.447  000.447: require('telescope.log')
224.953  000.447  000.447: require('nvim-treesitter.query_predicates')
317.643  000.447  000.447: require('which-key.plugins.registers')
171.724  000.443  000.443: require('cmp.types.lsp')
000.948  000.440: early init
066.925  000.437  000.437: require('nvim-tree.actions.tree-modifiers.expand-all')
059.949  000.434  000.434: require('nvim-tree.diagnostics')
205.432  000.434  000.434: require('plenary.async.structs')
067.684  000.431  000.431: require('nvim-tree.actions.fs.create-file')
120.475  000.430  000.430: require('mason-core.managers.go')
173.807  000.427  000.427: require('cmp.config.mapping')
306.088  000.427  000.197: require('cmp_nvim_lsp')
087.978  000.425  000.425: require('mason-core.functional')
091.262  000.422  000.422: require('mason-core.log')
180.510  000.421  000.421: require('cmp.view.ghost_text_view')
198.419  000.420  000.420: require('telescope.actions.utils')
057.626  000.419  000.419: require('nvim-tree.explorer.sorters')
061.823  000.419  000.419: require('nvim-tree.renderer.components.git')
068.891  000.419  000.419: require('nvim-tree.actions.fs.remove-file')
121.352  000.415  000.415: require('mason-core.managers.npm')
320.920  000.414  000.414: require('which-key.colors')
068.466  000.413  000.413: require('nvim-tree.actions.fs.trash')
212.441  000.412  000.412: require('telescope.pickers.scroller')
238.846  000.412  000.412: require('dap.utils')
078.648  000.407  000.407: require('nvim-tree.marks.navigation')
054.921  000.404  000.404: require('nvim-tree.git.utils')
274.487  000.404  000.404: require('lspsaga.lspkind')
314.513  000.401  000.401: require('virt-column.commands')
218.915  000.400  000.400: require('telescope.previewers.previewer')
165.081  000.399  000.399: require('lspkind')
054.511  000.396  000.396: require('nvim-tree.log')
024.240  000.395  000.395: require('notify.config.highlights')
147.233  000.395  000.395: require('luasnip.util.parser.neovim_parser')
301.350  000.389  000.389: require('nvim-treesitter-playground')
055.773  000.388  000.388: require('nvim-tree.watcher')
287.101  000.387  000.228: require('bufferline.layout')
306.692  000.387  000.387: require('cmp_nvim_lsp_signature_help')
161.556  000.386  000.386: require('plenary.functional')
144.090  000.385  000.385: require('luasnip.nodes.dynamicNode')
113.128  000.383  000.383: require('mason-core.receipt')
059.499  000.381  000.381: require('nvim-tree.explorer.reload')
146.834  000.379  000.284: require('luasnip.util.parser.ast_parser')
207.150  000.378  000.378: require('telescope.finders.async_job_finder')
060.331  000.376  000.376: require('nvim-tree.renderer.components.padding')
116.896  000.376  000.376: require('mason-core.managers.powershell')
282.530  000.376  000.376: sourcing /home/tapiok/.local/share/nvim/site/pack/packer/start/Comment.nvim/plugin/Comment.lua
044.707  000.374  000.374: require('vim.treesitter.language')
189.474  000.374  000.374: require('telescope._extensions')
167.800  000.373  000.373: require('cmp.utils.char')
193.342  000.373  000.373: require('telescope.state')
221.918  000.373  000.373: require('plenary.context_manager')
170.428  000.370  000.370: require('cmp.utils.async')
071.260  000.369  000.369: require('nvim-tree.actions.node.system-open')
064.986  000.365  000.365: require('nvim-tree.colors')
184.429  000.365  000.365: require('colorbuddy.util')
197.992  000.365  000.365: require('telescope.actions.state')
217.164  000.363  000.363: require('telescope.pickers.multi')
111.059  000.362  000.362: require('mason-core.result')
315.553  000.362  000.362: require('luasnip.loaders.from_snipmate')
215.863  000.360  000.360: require('telescope.pickers.window')
040.502  000.358  000.358: require('packer.result')
062.807  000.358  000.358: require('nvim-tree.marks')
068.047  000.357  000.357: require('nvim-tree.actions.fs.rename-file')
061.049  000.356  000.356: require('nvim-tree.renderer.components.full-name')
143.699  000.356  000.356: require('luasnip.nodes.choiceNode')
267.866  000.356  000.356: require('gitsigns.signs.vimfn')
249.436  000.355  000.355: sourcing /usr/share/nvim/runtime/plugin/gzip.vim
063.810  000.352  000.352: require('nvim-tree.actions.root.change-dir')
132.725  000.352  000.352: require('lspconfig.server_configurations.yamlls')
060.688  000.351  000.351: require('nvim-tree.renderer.components.icons')
056.135  000.350  000.350: require('nvim-tree.explorer.watch')
213.790  000.350  000.350: require('telescope.from_entry')
053.095  000.349  000.349: require('nvim-tree.iterators.node-iterator')
057.201  000.348  000.348: require('nvim-tree.explorer.node-builders')
028.472  000.347  000.347: require('notify.stages.fade_in_slide_out')
090.414  000.347  000.347: require('mason-core.functional.list')
091.934  000.347  000.347: require('mason-lspconfig.lspconfig_hook')
109.532  000.347  000.347: require('lspconfig.server_configurations.omnisharp')
129.054  000.347  000.347: require('lspconfig.server_configurations.jsonls')
070.886  000.346  000.346: require('nvim-tree.actions.node.file-popup')
127.873  000.346  000.346: require('lspconfig.server_configurations.tsserver')
206.742  000.346  000.346: require('plenary.class')
024.894  000.345  000.345: require('notify.service.notification')
283.409  000.345  000.345: sourcing /home/tapiok/.local/share/nvim/site/pack/packer/start/LuaSnip/plugin/luasnip.vim
005.439  000.344  000.344: require('vim.shared')
070.238  000.344  000.344: require('nvim-tree.actions.finders.search-node')
292.560  000.344  000.344: sourcing /home/tapiok/.local/share/nvim/site/pack/packer/start/lsp-colors.nvim/plugin/lsp-colors.vim
061.398  000.343  000.343: require('nvim-tree.renderer.help')
237.331  000.343  000.343: require('virt-column.utils')
140.290  000.342  000.243: require('luasnip.nodes.insertNode')
210.244  000.342  000.342: require('plenary.window')
224.501  000.341  000.341: require('nvim-treesitter.statusline')
126.571  000.339  000.339: require('lspconfig.server_configurations.sumneko_lua')
250.505  000.339  000.339: sourcing /usr/share/nvim/runtime/pack/dist/opt/matchit/plugin/matchit.vim
260.981  000.338  000.338: require('gitsigns.util')
190.967  000.335  000.335: require('telescope.deprecated')
069.554  000.334  000.334: require('nvim-tree.actions.moves.sibling')
203.439  000.334  000.334: require('plenary.tbl')
139.851  000.333  000.177: require('luasnip.nodes.util')
026.120  000.332  000.332: require('notify.animate.spring')
064.148  000.332  000.332: require('nvim-tree.actions.reloaders.reloaders')
057.963  000.331  000.331: require('nvim-tree.explorer.filters')
113.815  000.329  000.329: require('mason-core.installer.linker')
170.026  000.329  000.329: require('cmp.utils.api')
063.156  000.328  000.328: require('nvim-tree.actions.tree-modifiers.collapse-all')
134.977  000.328  000.328: require('lspconfig.server_configurations.rust_analyzer')
186.202  000.328  000.328: require('colorbuddy.style')
049.182  000.327  000.327: require('nvim-treesitter.caching')
120.039  000.327  000.327: require('mason-core.managers.git')
071.591  000.325  000.325: require('nvim-tree.marks.bulk-move')
069.885  000.324  000.324: require('nvim-tree.actions.moves.item')
210.573  000.323  000.323: require('plenary.popup.utils')
236.067  000.322  000.322: require('fidget.log')
252.644  000.321  000.321: sourcing /usr/share/nvim/runtime/plugin/zipPlugin.vim
310.182  000.321  000.321: require('cmp_luasnip')
123.686  000.319  000.319: require('mason-registry.omnisharp')
178.859  000.319  000.319: require('cmp.utils.autocmd')
203.775  000.319  000.319: require('plenary.errors')
086.916  000.318  000.318: require('mason-core.path')
260.637  000.318  000.318: require('gitsigns.debug')
069.215  000.317  000.317: require('nvim-tree.actions.moves.parent')
056.455  000.315  000.315: require('nvim-tree.explorer.common')
067.246  000.315  000.315: require('nvim-tree.actions.tree-modifiers.toggles')
122.756  000.315  000.315: require('mason-registry.rust-analyzer')
124.637  000.315  000.315: require('mason-registry.haskell-language-server')
136.739  000.315  000.315: require('nvim-lightbulb.config')
273.889  000.313  000.313: require('lspsaga.wrap')
239.347  000.312  000.312: require('lspsaga-config')
114.131  000.311  000.311: require('mason-core.async.control')
122.259  000.311  000.311: require('mason-registry.lua-language-server')
113.453  000.309  000.309: require('mason-core.functional.string')
107.120  000.306  000.306: require('mason-core.optional')
126.123  000.304  000.304: require('lspconfig')
294.786  000.302  000.302: require('cmp.utils.highlight')
236.429  000.301  000.301: require('fidget.spinners')
296.764  000.301  000.301: sourcing /home/tapiok/.local/share/nvim/site/pack/packer/start/nvim-lspconfig/plugin/lspconfig.lua
133.836  000.299  000.299: require('lspconfig.server_configurations.hls')
107.423  000.297  000.297: require('mason-core.EventEmitter')
290.923  000.296  000.296: require('dashboard.session')
355.400  000.292  000.292: require('dashboard.preview')
024.544  000.291  000.291: require('notify.stages')
063.453  000.291  000.291: require('nvim-tree.actions.root.dir-up')
144.388  000.291  000.291: require('luasnip.nodes.restoreNode')
266.441  000.291  000.291: require('gitsigns.highlight')
070.534  000.290  000.290: require('nvim-tree.actions.node.run-command')
105.292  000.289  000.289: require('mason-core.functional.table')
307.178  000.288  000.070: sourcing /home/tapiok/.local/share/nvim/site/pack/packer/start/cmp-nvim-lua/after/plugin/cmp_nvim_lua.lua
168.103  000.285  000.285: require('cmp.utils.pattern')
001.231  000.283: locale set
135.933  000.283  000.283: require('lsp-colors')
251.033  000.282  000.282: sourcing /usr/share/nvim/runtime/plugin/matchparen.vim
172.272  000.277  000.277: require('cmp.utils.cache')
251.413  000.277  000.258: sourcing /usr/share/nvim/runtime/plugin/rplugin.vim
125.350  000.275  000.275: require('mason-core.notify')
142.569  000.274  000.274: require('luasnip.session.snippet_collection')
251.975  000.274  000.274: sourcing /usr/share/nvim/runtime/plugin/tarPlugin.vim
123.977  000.273  000.273: require('mason-registry.eslint-lsp')
231.328  000.273  000.273: require('el.helper')
171.275  000.271  000.271: require('cmp.types.cmp')
181.415  000.271  000.271: require('cmp.config.window')
176.810  000.268  000.268: require('cmp.utils.event')
124.279  000.267  000.267: require('mason-registry.yaml-language-server')
229.221  000.265  000.265: require('el.builtin')
118.433  000.261  000.261: require('mason-registry.api')
010.569  000.260: init default mappings
296.088  000.259  000.259: sourcing /home/tapiok/.local/share/nvim/site/pack/packer/start/nvim-dap/plugin/dap.lua
169.691  000.258  000.258: require('cmp.utils.buffer')
181.138  000.257  000.257: require('cmp.config.sources')
123.046  000.254  000.254: require('mason-registry.typescript-language-server')
149.195  000.253  000.253: require('luasnip.loaders.util')
171.984  000.253  000.253: require('cmp.types.vim')
089.639  000.252  000.252: require('mason-core.functional.logic')
109.821  000.251  000.251: require('mason-lspconfig.ensure_installed')
123.335  000.250  000.250: require('mason-registry.json-lsp')
125.607  000.250  000.250: require('mason-core.functional.number')
167.019  000.243  000.243: require('cmp.utils.debug')
187.845  000.243  000.243: require('Comment.ft')
315.107  000.243  000.243: require('luasnip.loaders.from_lua')
261.489  000.242  000.242: require('gitsigns.uv')
106.793  000.240  000.240: require('mason-core.async.uv')
108.595  000.239  000.239: require('mason-lspconfig.server_config_extensions')
276.829  000.235  000.235: require('nvim-autopairs._log')
184.059  000.233  000.233: require('colorbuddy.log')
230.737  000.233  000.233: require('el.meta')
291.976  000.233  000.233: sourcing /home/tapiok/.local/share/nvim/site/pack/packer/start/lazygit.nvim/plugin/lazygit.vim
306.076  000.230  000.230: require('cmp_nvim_lsp.source')
089.375  000.229  000.229: require('mason-core.functional.relation')
130.488  000.227  000.227: require('mason-lspconfig.server_configurations.omnisharp')
265.695  000.223  000.223: require('gitsigns.cache')
148.019  000.222  000.222: require('luasnip.extras')
265.924  000.222  000.222: require('gitsigns.debounce')
230.270  000.219  000.219: require('el.log')
307.141  000.218  000.218: require('cmp_nvim_lua')
091.491  000.217  000.217: require('mason-lspconfig.settings')
288.390  000.215  000.215: require('bufferline.highlight')
148.239  000.214  000.214: require('luasnip.extras.fmt')
259.446  000.214  000.214: require('gitsigns.async')
229.732  000.212  000.212: require('el.data')
188.064  000.204  000.204: require('Comment.opfunc')
259.652  000.200  000.200: require('gitsigns.status')
286.496  000.198  000.198: require('bufferline.utils')
005.948  000.193  000.193: require('vim._meta')
266.120  000.189  000.189: require('gitsigns.diff')
143.094  000.186  000.186: require('luasnip.util.path')
143.337  000.185  000.185: require('luasnip.nodes.functionNode')
006.319  000.182: inits 2
140.592  000.179  000.179: require('luasnip.util.mark')
264.577  000.176  000.176: require('gitsigns.message')
286.293  000.176  000.176: require('bufferline.options')
145.072  000.171  000.171: require('luasnip.util.parser.neovim_ast')
246.362  000.171  000.171: sourcing /usr/share/nvim/runtime/syntax/synload.vim
264.793  000.171  000.171: require('gitsigns.signs.base')
286.709  000.170  000.170: require('bufferline.jump_mode')
183.819  000.159  000.159: require('colorbuddy.execute')
252.198  000.158  000.158: sourcing /usr/share/nvim/runtime/plugin/tohtml.vim
287.088  000.158  000.158: require('bufferline.icons')
139.843  000.156  000.156: require('luasnip.util.ext_opts')
006.137  000.155: expanding arguments
285.416  000.152  000.152: require('bufferline.animate')
142.177  000.147  000.147: require('luasnip.util.pattern_tokenizer')
146.439  000.142  000.142: require('luasnip.util.directed_graph')
282.828  000.140  000.140: sourcing /home/tapiok/.local/share/nvim/site/pack/packer/start/FixCursorHold.nvim/plugin/fix_cursorhold_nvim.vim
147.378  000.138  000.138: require('luasnip.util.str')
280.910  000.136  000.136: sourcing /usr/share/nvim/runtime/plugin/man.lua
085.877  000.135  000.135: require('web-dev-icons')
309.582  000.135  000.135: require('cmp_tabnine.config')
188.200  000.130  000.130: require('Comment.extra')
147.776  000.128  000.128: require('luasnip.extras.filetype_functions')
014.849  000.127  000.127: sourcing /usr/share/nvim/runtime/ftplugin.vim
305.360  000.127  000.127: require('cmp_buffer.timer')
149.325  000.124  000.124: require('luasnip.nodes.snippetProxy')
251.564  000.123  000.123: sourcing /usr/share/nvim/runtime/plugin/shada.vim
291.225  000.119  000.119: sourcing /home/tapiok/.local/share/nvim/site/pack/packer/start/express_line.nvim/plugin/express_line.vim
015.947  000.117  000.083: sourcing /etc/xdg/nvim/sysinit.vim
140.407  000.113  000.113: require('luasnip.nodes.textNode')
142.289  000.106  000.106: require('luasnip.util.dict')
140.279  000.099  000.099: require('luasnip.util.extend_decorator')
187.285  000.098  000.098: require('Comment.config')
300.490  000.098  000.098: sourcing /home/tapiok/.local/share/nvim/site/pack/packer/start/nvim-web-devicons/plugin/nvim-web-devicons.vim
126.225  000.096  000.096: require('lsp-default-keybinds')
146.824  000.094  000.094: require('luasnip.util.functions')
015.649  000.091  000.091: sourcing /usr/share/nvim/runtime/indent.vim
142.901  000.090  000.090: require('luasnip.loaders._caches')
138.925  000.081  000.081: require('luasnip.session')
148.406  000.081  000.081: require('luasnip.nodes.absolute_indexer')
186.818  000.080  000.080: require('Comment')
139.512  000.074  000.074: require('luasnip.util.types')
139.928  000.073  000.073: require('luasnip.util.events')
301.698  000.073  000.073: sourcing /home/tapiok/.local/share/nvim/site/pack/packer/start/plenary.nvim/plugin/plenary.vim
148.318  000.072  000.072: require('luasnip.extras.expand_conditions')
072.040  000.071  000.071: require('vim.inspect')
244.066  000.065  000.065: sourcing /home/tapiok/.local/share/nvim/site/pack/packer/start/vim-javascript/ftdetect/javascript.vim
000.054  000.054: --- NVIM STARTING ---
161.623  000.047  000.047: require('ffi')
251.662  000.047  000.047: sourcing /usr/share/nvim/runtime/plugin/spellfile.vim
239.029  000.042  000.042: require('keybinds')
003.420  000.040: window checked
010.309  000.039: init screen for UI
252.277  000.039  000.039: sourcing /usr/share/nvim/runtime/plugin/tutor.vim
244.449  000.035  000.035: sourcing /usr/share/vim/vimfiles/ftdetect/conkyrc.vim
245.376  000.035  000.035: sourcing /usr/share/nvim/runtime/filetype.vim
251.100  000.035  000.035: sourcing /usr/share/nvim/runtime/plugin/netrwPlugin.vim
015.933  000.034  000.034: sourcing /usr/share/nvim/archlinux.vim
310.398  000.029: inits 3
010.595  000.026: init default autocommands
303.077  000.026  000.026: sourcing /home/tapiok/.local/share/nvim/site/pack/packer/start/which-key.nvim/plugin/which-key.vim
243.388  000.025  000.025: sourcing /home/tapiok/.local/share/nvim/site/pack/packer/start/LuaSnip/ftdetect/snippets.vim
243.964  000.024  000.024: sourcing /home/tapiok/.local/share/nvim/site/pack/packer/start/vim-javascript/ftdetect/flow.vim
249.495  000.024  000.024: sourcing /usr/share/nvim/runtime/plugin/health.vim
244.385  000.023  000.023: sourcing /usr/share/vim/vimfiles/ftdetect/PKGBUILD.vim
251.397  000.019  000.019: sourcing /home/tapiok/.local/share/nvim/rplugin.vim
080.757  000.016  000.016: require('vim.F')
003.434  000.014: parsing arguments
188.332  000.011  000.011: require('vim.keymap')
007.864  000.010: waiting for UI
316.437  000.008: editing files in windows
355.484  000.006: UIEnter autocommands
357.747  000.006: --- NVIM STARTED ---
355.489  000.004: before starting main loop
